2020-08-21 10:57:11 +0000  Initial pipeline context: <IDEDistributionProcessingPipelineContext: 0x7fb1bb1fc570; archive(resolved)='<IDEArchive: 0x7fb18f621ea0>', distributionTask(resolved)='2', distributionDestination(resolved)='1', distributionMethod(resolved)='<IDEDistributionMethodDeveloperID: 0x7fb18f61cbc0>', team(resolved)='<IDEProvisioningDisambiguatableBasicTeam: 0x7fb1ec2556f0; teamID='A5U65N39SD', teamName='Alexander Heinrich', teamType='Individual', username='alexander-heinrich@posteo.de', isFreeProvisioningTeam='0'>'>
	Chain (11, self inclusive):
	<IDEDistributionProcessingPipelineContext: 0x7fb1bb1fc570; archive = '<IDEArchive: 0x7fb18f621ea0>', distributionMethod='<IDEDistributionMethodDeveloperID: 0x7fb18f61cbc0>', team='<IDEProvisioningDisambiguatableBasicTeam: 0x7fb1ec2556f0; teamID='A5U65N39SD', teamName='Alexander Heinrich', teamType='Individual', username='alexander-heinrich@posteo.de', isFreeProvisioningTeam='0'>'>
	<IDEDistributionProcessingPipelineContext: 0x7fb1bb1e6a10; archive = '<IDEArchive: 0x7fb18f621ea0>', distributionMethod='<IDEDistributionMethodDeveloperID: 0x7fb18f61cbc0>', team='<IDEProvisioningDisambiguatableBasicTeam: 0x7fb1ec2556f0; teamID='A5U65N39SD', teamName='Alexander Heinrich', teamType='Individual', username='alexander-heinrich@posteo.de', isFreeProvisioningTeam='0'>'>
	<IDEDistributionContext: 0x7fb1bcb6ea60; archive = '<IDEArchive: 0x7fb18f621ea0>', distributionMethod='<IDEDistributionMethodDeveloperID: 0x7fb18f61cbc0>', team='<IDEProvisioningDisambiguatableBasicTeam: 0x7fb1ec2556f0; teamID='A5U65N39SD', teamName='Alexander Heinrich', teamType='Individual', username='alexander-heinrich@posteo.de', isFreeProvisioningTeam='0'>'>
	<IDEDistributionContext: 0x7fb18f5c8ab0; archive = '<IDEArchive: 0x7fb18f621ea0>', distributionMethod='<IDEDistributionMethodDeveloperID: 0x7fb18f61cbc0>', team='<IDEProvisioningDisambiguatableBasicTeam: 0x7fb1ec2556f0; teamID='A5U65N39SD', teamName='Alexander Heinrich', teamType='Individual', username='alexander-heinrich@posteo.de', isFreeProvisioningTeam='0'>'>
	<IDEDistributionContext: 0x7fb1bb2eaff0; archive = '<IDEArchive: 0x7fb18f621ea0>', distributionMethod='<IDEDistributionMethodDeveloperID: 0x7fb18f61cbc0>', team='<IDEProvisioningDisambiguatableBasicTeam: 0x7fb1ec2556f0; teamID='A5U65N39SD', teamName='Alexander Heinrich', teamType='Individual', username='alexander-heinrich@posteo.de', isFreeProvisioningTeam='0'>'>
	<IDEDistributionContext: 0x7fb1bce2cff0; archive = '<IDEArchive: 0x7fb18f621ea0>', distributionMethod='<IDEDistributionMethodDeveloperID: 0x7fb18f61cbc0>', team='<IDEProvisioningDisambiguatableBasicTeam: 0x7fb1ec2556f0; teamID='A5U65N39SD', teamName='Alexander Heinrich', teamType='Individual', username='alexander-heinrich@posteo.de', isFreeProvisioningTeam='0'>'>
	<IDEDistributionContext: 0x7fb18c697c20; archive = '<IDEArchive: 0x7fb18f621ea0>', distributionMethod='<IDEDistributionMethodDeveloperID: 0x7fb18f61cbc0>', team='<IDEProvisioningDisambiguatableBasicTeam: 0x7fb1ec2556f0; teamID='A5U65N39SD', teamName='Alexander Heinrich', teamType='Individual', username='alexander-heinrich@posteo.de', isFreeProvisioningTeam='0'>'>
	<IDEDistributionContext: 0x7fb1bce3eec0; archive = '<IDEArchive: 0x7fb18f621ea0>', distributionMethod='<IDEDistributionMethodDeveloperID: 0x7fb18f61cbc0>', team='<IDEProvisioningDisambiguatableBasicTeam: 0x7fb1ec2556f0; teamID='A5U65N39SD', teamName='Alexander Heinrich', teamType='Individual', username='alexander-heinrich@posteo.de', isFreeProvisioningTeam='0'>'>
	<IDEDistributionContext: 0x7fb1bce57500; archive = '<IDEArchive: 0x7fb18f621ea0>', distributionMethod='<IDEDistributionMethodDeveloperID: 0x7fb18f61cbc0>', team='(null)'>
	<IDEDistributionContext: 0x7fb1bcaa3900; archive = '<IDEArchive: 0x7fb18f621ea0>', distributionMethod='<IDEDistributionMethodDeveloperID: 0x7fb18f61cbc0>', team='(null)'>
	<IDEDistributionContext: 0x7fb18f56e590; archive = '<IDEArchive: 0x7fb18f621ea0>', distributionMethod='(null)', team='(null)'>
</IDEDistributionProcessingPipelineContext: 0x7fb1bb1fc570>
2020-08-21 10:57:11 +0000  Processing step: IDEDistributionCreateDestRootStep
2020-08-21 10:57:11 +0000  Processing step: IDEDistributionCopyItemStep
2020-08-21 10:57:11 +0000  Running /usr/bin/ditto '-V' '/Users/seemoo/Library/Developer/Xcode/Archives/2020-08-21/OpenDropMac-Measurement 21.08.20, 12.50.xcarchive/Products/Applications/OpenDropMac.app' '/var/folders/3_/vxcr03h12317925whg6vnfth0000gr/T/XcodeDistPipeline.~~~WUWtWR/Root/Applications/OpenDropMac.app'
2020-08-21 10:57:11 +0000  >>> Copying /Users/seemoo/Library/Developer/Xcode/Archives/2020-08-21/OpenDropMac-Measurement 21.08.20, 12.50.xcarchive/Products/Applications/OpenDropMac.app 
2020-08-21 10:57:11 +0000  copying file ./Contents/_CodeSignature/CodeResources ... 
2020-08-21 10:57:11 +0000  6691 bytes for ./Contents/_CodeSignature/CodeResources
2020-08-21 10:57:11 +0000  copying file ./Contents/MacOS/OpenDropMac ... 
2020-08-21 10:57:11 +0000  1010144 bytes for ./Contents/MacOS/OpenDropMac
2020-08-21 10:57:11 +0000  copying file ./Contents/Resources/10_y.cms ... 
2020-08-21 10:57:11 +0000  1655 bytes for ./Contents/Resources/10_y.cms
2020-08-21 10:57:11 +0000  copying file ./Contents/Resources/1000_y.cms ... 
2020-08-21 10:57:11 +0000  41270 bytes for ./Contents/Resources/1000_y.cms
2020-08-21 10:57:11 +0000  copying file ./Contents/Resources/5_other.plist ... 
2020-08-21 10:57:11 +0000  604 bytes for ./Contents/Resources/5_other.plist
2020-08-21 10:57:11 +0000  copying file ./Contents/Resources/1000_other.plist ... 
2020-08-21 10:57:11 +0000  114043 bytes for ./Contents/Resources/1000_other.plist
2020-08-21 10:57:11 +0000  copying file ./Contents/Resources/record.data ... 
2020-08-21 10:57:11 +0000  4222 bytes for ./Contents/Resources/record.data
2020-08-21 10:57:11 +0000  copying file ./Contents/Resources/ClientCertificate.p12 ... 
2020-08-21 10:57:11 +0000  2485 bytes for ./Contents/Resources/ClientCertificate.p12
2020-08-21 10:57:11 +0000  copying file ./Contents/Resources/100_other.plist ... 
2020-08-21 10:57:11 +0000  10886 bytes for ./Contents/Resources/100_other.plist
2020-08-21 10:57:11 +0000  copying file ./Contents/Resources/alex_psiPrivate.plist ... 
2020-08-21 10:57:11 +0000  789 bytes for ./Contents/Resources/alex_psiPrivate.plist
2020-08-21 10:57:11 +0000  copying file ./Contents/Resources/Base.lproj/Main.storyboardc/MainMenu.nib ... 
2020-08-21 10:57:11 +0000  36280 bytes for ./Contents/Resources/Base.lproj/Main.storyboardc/MainMenu.nib
2020-08-21 10:57:11 +0000  copying file ./Contents/Resources/Base.lproj/Main.storyboardc/Info.plist ... 
2020-08-21 10:57:11 +0000  163 bytes for ./Contents/Resources/Base.lproj/Main.storyboardc/Info.plist
2020-08-21 10:57:11 +0000  copying file ./Contents/Resources/100_y.cms ... 
2020-08-21 10:57:11 +0000  5167 bytes for ./Contents/Resources/100_y.cms
2020-08-21 10:57:11 +0000  copying file ./Contents/Resources/5_y.cms ... 
2020-08-21 10:57:11 +0000  1451 bytes for ./Contents/Resources/5_y.cms
copying file ./Contents/Resources/10_other.plist ... 
2020-08-21 10:57:11 +0000  1115 bytes for ./Contents/Resources/10_other.plist
copying file ./Contents/Resources/ServerCertificate.p12 ... 
2020-08-21 10:57:11 +0000  2479 bytes for ./Contents/Resources/ServerCertificate.p12
2020-08-21 10:57:11 +0000  copying file ./Contents/Resources/1_other.plist ... 
2020-08-21 10:57:11 +0000  161 bytes for ./Contents/Resources/1_other.plist
2020-08-21 10:57:11 +0000  copying file ./Contents/Resources/1_y.cms ... 
2020-08-21 10:57:11 +0000  1298 bytes for ./Contents/Resources/1_y.cms
2020-08-21 10:57:11 +0000  copying file ./Contents/Resources/alex_signedY.cms ... 
2020-08-21 10:57:11 +0000  1538 bytes for ./Contents/Resources/alex_signedY.cms
2020-08-21 10:57:11 +0000  copying symlink ./Contents/Frameworks/OpenDrop_Base.framework/OpenDrop_Base ... 
2020-08-21 10:57:11 +0000  linked ./Contents/Frameworks/OpenDrop_Base.framework/OpenDrop_Base
copying symlink ./Contents/Frameworks/OpenDrop_Base.framework/Resources ... 
2020-08-21 10:57:11 +0000  linked ./Contents/Frameworks/OpenDrop_Base.framework/Resources
2020-08-21 10:57:11 +0000  copying file ./Contents/Frameworks/OpenDrop_Base.framework/Versions/A/_CodeSignature/CodeResources ... 
2020-08-21 10:57:11 +0000  2916 bytes for ./Contents/Frameworks/OpenDrop_Base.framework/Versions/A/_CodeSignature/CodeResources
2020-08-21 10:57:11 +0000  copying file ./Contents/Frameworks/OpenDrop_Base.framework/Versions/A/OpenDrop_Base ... 
2020-08-21 10:57:11 +0000  8895088 bytes for ./Contents/Frameworks/OpenDrop_Base.framework/Versions/A/OpenDrop_Base
2020-08-21 10:57:11 +0000  copying file ./Contents/Frameworks/OpenDrop_Base.framework/Versions/A/Resources/OpenDropCA.cer ... 
798 bytes for ./Contents/Frameworks/OpenDrop_Base.framework/Versions/A/Resources/OpenDropCA.cer
copying file ./Contents/Frameworks/OpenDrop_Base.framework/Versions/A/Resources/Apple Root CA.crt ... 
1215 bytes for ./Contents/Frameworks/OpenDrop_Base.framework/Versions/A/Resources/Apple Root CA.crt
copying file ./Contents/Frameworks/OpenDrop_Base.framework/Versions/A/Resources/Info.plist ... 
1306 bytes for ./Contents/Frameworks/OpenDrop_Base.framework/Versions/A/Resources/Info.plist
copying symlink ./Contents/Frameworks/OpenDrop_Base.framework/Versions/Current ... 
linked ./Contents/Frameworks/OpenDrop_Base.framework/Versions/Current
copying file ./Contents/Info.plist ... 
1582 bytes for ./Contents/Info.plist
copying file ./Contents/PkgInfo ... 
2020-08-21 10:57:11 +0000  8 bytes for ./Contents/PkgInfo
2020-08-21 10:57:11 +0000  /usr/bin/ditto exited with 0
2020-08-21 10:57:11 +0000  Processing step: IDEDistributionEmbedProfileStep
2020-08-21 10:57:11 +0000  Skipping profile for item: <IDEDistributionItem: 0x7fb1bcaadd50; bundleID='de.tu-darmstadt.seemoo.OpenDrop-Base', path='<DVTFilePath:0x7fb1bcabaec0:'/Users/seemoo/Library/Developer/Xcode/Archives/2020-08-21/OpenDropMac-Measurement 21.08.20, 12.50.xcarchive/Products/Applications/OpenDropMac.app/Contents/Frameworks/OpenDrop_Base.framework/Versions/A'>', codeSigningInfo='<_DVTCodeSigningInformation_Path: 0x7fb1bcba2e30; isSigned='1', isAdHocSigned='0', signingCertificate='<DVTSigningCertificate: 0x7fb18c3e2230; name='Apple Development: Alexander Heinrich (9SHN3D76Y3)', hash='7FF33C007A9938D0B9A39366A81E9F4C1CB181BC', serialNumber='2C7960237FA8C5DE', certificateKinds='(
    "1.2.840.113635.100.6.1.12",
    "1.2.840.113635.100.6.1.2"
), issueDate='2019-09-17 10:05:44 +0000''>', entitlements='(null)', teamID='A5U65N39SD', identifier='de.tu-darmstadt.seemoo.OpenDrop-Base', executablePath='<DVTFilePath:0x7fb1bcabe200:'/Users/seemoo/Library/Developer/Xcode/Archives/2020-08-21/OpenDropMac-Measurement 21.08.20, 12.50.xcarchive/Products/Applications/OpenDropMac.app/Contents/Frameworks/OpenDrop_Base.framework/Versions/A/OpenDrop_Base'>', hardenedRuntime='0'>'>
2020-08-21 10:57:11 +0000  Skipping profile for item: <IDEDistributionItem: 0x7fb1bcbd0880; bundleID='de.tu-darmstadt.seemoo.OpenDropMac', path='<DVTFilePath:0x7fb18f52a190:'/Users/seemoo/Library/Developer/Xcode/Archives/2020-08-21/OpenDropMac-Measurement 21.08.20, 12.50.xcarchive/Products/Applications/OpenDropMac.app'>', codeSigningInfo='<_DVTCodeSigningInformation_Path: 0x7fb1bc8640b0; isSigned='1', isAdHocSigned='0', signingCertificate='<DVTSigningCertificate: 0x7fb18c3e2230; name='Apple Development: Alexander Heinrich (9SHN3D76Y3)', hash='7FF33C007A9938D0B9A39366A81E9F4C1CB181BC', serialNumber='2C7960237FA8C5DE', certificateKinds='(
    "1.2.840.113635.100.6.1.12",
    "1.2.840.113635.100.6.1.2"
), issueDate='2019-09-17 10:05:44 +0000''>', entitlements='{
}', teamID='A5U65N39SD', identifier='de.tu-darmstadt.seemoo.OpenDropMac', executablePath='<DVTFilePath:0x7fb18f6270d0:'/Users/seemoo/Library/Developer/Xcode/Archives/2020-08-21/OpenDropMac-Measurement 21.08.20, 12.50.xcarchive/Products/Applications/OpenDropMac.app/Contents/MacOS/OpenDropMac'>', hardenedRuntime='0'>'>
2020-08-21 10:57:11 +0000  Processing step: IDEDistributionInfoPlistStep
2020-08-21 10:57:11 +0000  Skipping step: IDEDistributionInfoPlistStep because it said so
2020-08-21 10:57:11 +0000  Skipping step: IDEDistributionInfoPlistStep because it said so
2020-08-21 10:57:11 +0000  Processing step: IDEDistributionAppThinningPlistStep
2020-08-21 10:57:11 +0000  Processing step: IDEDistributionCompileBitcodeStep
2020-08-21 10:57:11 +0000  Skipping step: IDEDistributionCompileBitcodeStep because it said so
2020-08-21 10:57:11 +0000  Processing step: IDEDistributionCodeSlimmingStep
2020-08-21 10:57:11 +0000  Processing step: IDEDistributionCopyBCSymbolMapsStep
2020-08-21 10:57:11 +0000  Skipping step: IDEDistributionCopyBCSymbolMapsStep because it said so
2020-08-21 10:57:11 +0000  Skipping step: IDEDistributionCopyBCSymbolMapsStep because it said so
2020-08-21 10:57:11 +0000  Processing step: IDEDistributionSymbolsStep
2020-08-21 10:57:11 +0000  Skipping step: IDEDistributionSymbolsStep because it said so
2020-08-21 10:57:11 +0000  Skipping step: IDEDistributionSymbolsStep because it said so
2020-08-21 10:57:11 +0000  Processing step: IDEDistributionAppThinningStep
2020-08-21 10:57:11 +0000  Skipping step: IDEDistributionAppThinningStep because it said so
2020-08-21 10:57:11 +0000  Processing step: IDEDistributionArchThinningStep
2020-08-21 10:57:11 +0000  Running /Applications/Xcode.app/Contents/Developer/Toolchains/XcodeDefault.xctoolchain/usr/bin/lipo '/var/folders/3_/vxcr03h12317925whg6vnfth0000gr/T/XcodeDistPipeline.~~~WUWtWR/Root/Applications/OpenDropMac.app/Contents/Frameworks/OpenDrop_Base.framework/Versions/A/OpenDrop_Base' '-verify_arch' 'arm64e'
2020-08-21 10:57:11 +0000  /Applications/Xcode.app/Contents/Developer/Toolchains/XcodeDefault.xctoolchain/usr/bin/lipo exited with 1
2020-08-21 10:57:11 +0000  Skipping architecture thinning for item "OpenDrop_Base" because arch "arm64e" wasn't found
2020-08-21 10:57:11 +0000  Running /Applications/Xcode.app/Contents/Developer/Toolchains/XcodeDefault.xctoolchain/usr/bin/lipo '/var/folders/3_/vxcr03h12317925whg6vnfth0000gr/T/XcodeDistPipeline.~~~WUWtWR/Root/Applications/OpenDropMac.app/Contents/MacOS/OpenDropMac' '-verify_arch' 'arm64e'
2020-08-21 10:57:11 +0000  /Applications/Xcode.app/Contents/Developer/Toolchains/XcodeDefault.xctoolchain/usr/bin/lipo exited with 1
2020-08-21 10:57:11 +0000  Skipping architecture thinning for item "OpenDropMac" because arch "arm64e" wasn't found
2020-08-21 10:57:11 +0000  Processing step: IDEDistributionODRStep
2020-08-21 10:57:11 +0000  Processing step: IDEDistributionStripXattrsStep
2020-08-21 10:57:11 +0000  Skipping stripping extended attributes of item: <IDEDistributionItem: 0x7fb1bcaadd50; bundleID='de.tu-darmstadt.seemoo.OpenDrop-Base', path='<DVTFilePath:0x7fb1bcabaec0:'/Users/seemoo/Library/Developer/Xcode/Archives/2020-08-21/OpenDropMac-Measurement 21.08.20, 12.50.xcarchive/Products/Applications/OpenDropMac.app/Contents/Frameworks/OpenDrop_Base.framework/Versions/A'>', codeSigningInfo='<_DVTCodeSigningInformation_Path: 0x7fb1bcba2e30; isSigned='1', isAdHocSigned='0', signingCertificate='<DVTSigningCertificate: 0x7fb18c699be0; name='Apple Development: Alexander Heinrich (9SHN3D76Y3)', hash='7FF33C007A9938D0B9A39366A81E9F4C1CB181BC', serialNumber='2C7960237FA8C5DE', certificateKinds='(
    "1.2.840.113635.100.6.1.12",
    "1.2.840.113635.100.6.1.2"
), issueDate='2019-09-17 10:05:44 +0000''>', entitlements='(null)', teamID='A5U65N39SD', identifier='de.tu-darmstadt.seemoo.OpenDrop-Base', executablePath='<DVTFilePath:0x7fb1bcabe200:'/Users/seemoo/Library/Developer/Xcode/Archives/2020-08-21/OpenDropMac-Measurement 21.08.20, 12.50.xcarchive/Products/Applications/OpenDropMac.app/Contents/Frameworks/OpenDrop_Base.framework/Versions/A/OpenDrop_Base'>', hardenedRuntime='0'>'>
2020-08-21 10:57:11 +0000  Running /usr/bin/xattr '-crs' '/var/folders/3_/vxcr03h12317925whg6vnfth0000gr/T/XcodeDistPipeline.~~~WUWtWR/Root/Applications/OpenDropMac.app'
2020-08-21 10:57:11 +0000  /usr/bin/xattr exited with 0
2020-08-21 10:57:11 +0000  Processing step: IDEDistributionCodesignStep
2020-08-21 10:57:11 +0000  Entitlements for <IDEDistributionItem: 0x7fb1bcaadd50; bundleID='de.tu-darmstadt.seemoo.OpenDrop-Base', path='<DVTFilePath:0x7fb1bcabaec0:'/Users/seemoo/Library/Developer/Xcode/Archives/2020-08-21/OpenDropMac-Measurement 21.08.20, 12.50.xcarchive/Products/Applications/OpenDropMac.app/Contents/Frameworks/OpenDrop_Base.framework/Versions/A'>', codeSigningInfo='<_DVTCodeSigningInformation_Path: 0x7fb1bcba2e30; isSigned='1', isAdHocSigned='0', signingCertificate='<DVTSigningCertificate: 0x7fb18c6d3590; name='Apple Development: Alexander Heinrich (9SHN3D76Y3)', hash='7FF33C007A9938D0B9A39366A81E9F4C1CB181BC', serialNumber='2C7960237FA8C5DE', certificateKinds='(
    "1.2.840.113635.100.6.1.12",
    "1.2.840.113635.100.6.1.2"
), issueDate='2019-09-17 10:05:44 +0000''>', entitlements='(null)', teamID='A5U65N39SD', identifier='de.tu-darmstadt.seemoo.OpenDrop-Base', executablePath='<DVTFilePath:0x7fb1bcabe200:'/Users/seemoo/Library/Developer/Xcode/Archives/2020-08-21/OpenDropMac-Measurement 21.08.20, 12.50.xcarchive/Products/Applications/OpenDropMac.app/Contents/Frameworks/OpenDrop_Base.framework/Versions/A/OpenDrop_Base'>', hardenedRuntime='0'>'>: {
}
2020-08-21 10:57:11 +0000  Writing entitlements for <IDEDistributionItem: 0x7fb1bcaadd50; bundleID='de.tu-darmstadt.seemoo.OpenDrop-Base', path='<DVTFilePath:0x7fb1bcabaec0:'/Users/seemoo/Library/Developer/Xcode/Archives/2020-08-21/OpenDropMac-Measurement 21.08.20, 12.50.xcarchive/Products/Applications/OpenDropMac.app/Contents/Frameworks/OpenDrop_Base.framework/Versions/A'>', codeSigningInfo='<_DVTCodeSigningInformation_Path: 0x7fb1bcba2e30; isSigned='1', isAdHocSigned='0', signingCertificate='<DVTSigningCertificate: 0x7fb18f66b540; name='Apple Development: Alexander Heinrich (9SHN3D76Y3)', hash='7FF33C007A9938D0B9A39366A81E9F4C1CB181BC', serialNumber='2C7960237FA8C5DE', certificateKinds='(
    "1.2.840.113635.100.6.1.12",
    "1.2.840.113635.100.6.1.2"
), issueDate='2019-09-17 10:05:44 +0000''>', entitlements='(null)', teamID='A5U65N39SD', identifier='de.tu-darmstadt.seemoo.OpenDrop-Base', executablePath='<DVTFilePath:0x7fb1bcabe200:'/Users/seemoo/Library/Developer/Xcode/Archives/2020-08-21/OpenDropMac-Measurement 21.08.20, 12.50.xcarchive/Products/Applications/OpenDropMac.app/Contents/Frameworks/OpenDrop_Base.framework/Versions/A/OpenDrop_Base'>', hardenedRuntime='0'>'> to: /var/folders/3_/vxcr03h12317925whg6vnfth0000gr/T/XcodeDistPipeline.~~~WUWtWR/entitlements~~~eSEvdh
2020-08-21 10:57:11 +0000  Running /usr/bin/codesign '-vvv' '--force' '--sign' 'E9B3B954540A036F16BCCBE632A537E434134D0D' '--entitlements' '/var/folders/3_/vxcr03h12317925whg6vnfth0000gr/T/XcodeDistPipeline.~~~WUWtWR/entitlements~~~eSEvdh' '--preserve-metadata=identifier,flags,runtime' '--requirements' '=designated => anchor apple generic  and identifier "$self.identifier" and ((cert leaf[field.1.2.840.113635.100.6.1.9] exists) or ( certificate 1[field.1.2.840.113635.100.6.2.6] exists and certificate leaf[field.1.2.840.113635.100.6.1.13] exists  and certificate leaf[subject.OU] = "A5U65N39SD" ))' '/var/folders/3_/vxcr03h12317925whg6vnfth0000gr/T/XcodeDistPipeline.~~~WUWtWR/Root/Applications/OpenDropMac.app/Contents/Frameworks/OpenDrop_Base.framework/Versions/A'
2020-08-21 10:57:11 +0000  /var/folders/3_/vxcr03h12317925whg6vnfth0000gr/T/XcodeDistPipeline.~~~WUWtWR/Root/Applications/OpenDropMac.app/Contents/Frameworks/OpenDrop_Base.framework/Versions/A: replacing existing signature
2020-08-21 10:57:12 +0000  /var/folders/3_/vxcr03h12317925whg6vnfth0000gr/T/XcodeDistPipeline.~~~WUWtWR/Root/Applications/OpenDropMac.app/Contents/Frameworks/OpenDrop_Base.framework/Versions/A: signed bundle with Mach-O thin (x86_64) [de.tu-darmstadt.seemoo.OpenDrop-Base]
2020-08-21 10:57:12 +0000  /usr/bin/codesign exited with 0
2020-08-21 10:57:12 +0000  Entitlements for <IDEDistributionItem: 0x7fb1bcbd0880; bundleID='de.tu-darmstadt.seemoo.OpenDropMac', path='<DVTFilePath:0x7fb18f52a190:'/Users/seemoo/Library/Developer/Xcode/Archives/2020-08-21/OpenDropMac-Measurement 21.08.20, 12.50.xcarchive/Products/Applications/OpenDropMac.app'>', codeSigningInfo='<_DVTCodeSigningInformation_Path: 0x7fb1bc8640b0; isSigned='1', isAdHocSigned='0', signingCertificate='<DVTSigningCertificate: 0x7fb18c699be0; name='Apple Development: Alexander Heinrich (9SHN3D76Y3)', hash='7FF33C007A9938D0B9A39366A81E9F4C1CB181BC', serialNumber='2C7960237FA8C5DE', certificateKinds='(
    "1.2.840.113635.100.6.1.12",
    "1.2.840.113635.100.6.1.2"
), issueDate='2019-09-17 10:05:44 +0000''>', entitlements='{
}', teamID='A5U65N39SD', identifier='de.tu-darmstadt.seemoo.OpenDropMac', executablePath='<DVTFilePath:0x7fb18f6270d0:'/Users/seemoo/Library/Developer/Xcode/Archives/2020-08-21/OpenDropMac-Measurement 21.08.20, 12.50.xcarchive/Products/Applications/OpenDropMac.app/Contents/MacOS/OpenDropMac'>', hardenedRuntime='0'>'>: {
}
2020-08-21 10:57:12 +0000  Writing entitlements for <IDEDistributionItem: 0x7fb1bcbd0880; bundleID='de.tu-darmstadt.seemoo.OpenDropMac', path='<DVTFilePath:0x7fb18f52a190:'/Users/seemoo/Library/Developer/Xcode/Archives/2020-08-21/OpenDropMac-Measurement 21.08.20, 12.50.xcarchive/Products/Applications/OpenDropMac.app'>', codeSigningInfo='<_DVTCodeSigningInformation_Path: 0x7fb1bc8640b0; isSigned='1', isAdHocSigned='0', signingCertificate='<DVTSigningCertificate: 0x7fb1bcb9ac70; name='Apple Development: Alexander Heinrich (9SHN3D76Y3)', hash='7FF33C007A9938D0B9A39366A81E9F4C1CB181BC', serialNumber='2C7960237FA8C5DE', certificateKinds='(
    "1.2.840.113635.100.6.1.12",
    "1.2.840.113635.100.6.1.2"
), issueDate='2019-09-17 10:05:44 +0000''>', entitlements='{
}', teamID='A5U65N39SD', identifier='de.tu-darmstadt.seemoo.OpenDropMac', executablePath='<DVTFilePath:0x7fb18f6270d0:'/Users/seemoo/Library/Developer/Xcode/Archives/2020-08-21/OpenDropMac-Measurement 21.08.20, 12.50.xcarchive/Products/Applications/OpenDropMac.app/Contents/MacOS/OpenDropMac'>', hardenedRuntime='0'>'> to: /var/folders/3_/vxcr03h12317925whg6vnfth0000gr/T/XcodeDistPipeline.~~~WUWtWR/entitlements~~~wq5oKk
2020-08-21 10:57:12 +0000  Running /usr/bin/codesign '-vvv' '--force' '--sign' 'E9B3B954540A036F16BCCBE632A537E434134D0D' '--entitlements' '/var/folders/3_/vxcr03h12317925whg6vnfth0000gr/T/XcodeDistPipeline.~~~WUWtWR/entitlements~~~wq5oKk' '--preserve-metadata=identifier,flags,runtime' '--requirements' '=designated => anchor apple generic  and identifier "$self.identifier" and ((cert leaf[field.1.2.840.113635.100.6.1.9] exists) or ( certificate 1[field.1.2.840.113635.100.6.2.6] exists and certificate leaf[field.1.2.840.113635.100.6.1.13] exists  and certificate leaf[subject.OU] = "A5U65N39SD" ))' '/var/folders/3_/vxcr03h12317925whg6vnfth0000gr/T/XcodeDistPipeline.~~~WUWtWR/Root/Applications/OpenDropMac.app'
2020-08-21 10:57:12 +0000  /var/folders/3_/vxcr03h12317925whg6vnfth0000gr/T/XcodeDistPipeline.~~~WUWtWR/Root/Applications/OpenDropMac.app: replacing existing signature
2020-08-21 10:57:12 +0000  /var/folders/3_/vxcr03h12317925whg6vnfth0000gr/T/XcodeDistPipeline.~~~WUWtWR/Root/Applications/OpenDropMac.app: signed app bundle with Mach-O thin (x86_64) [de.tu-darmstadt.seemoo.OpenDropMac]
2020-08-21 10:57:12 +0000  /usr/bin/codesign exited with 0
2020-08-21 10:57:12 +0000  Processing step: IDEDistributionZipODRItemStep
2020-08-21 10:57:12 +0000  Skipping step: IDEDistributionZipODRItemStep because it said so
2020-08-21 10:57:12 +0000  Skipping step: IDEDistributionZipODRItemStep because it said so
2020-08-21 10:57:12 +0000  Processing step: IDEDistributionSkipPackagingStep
2020-08-21 10:57:12 +0000  Processing step: IDEDistributionAppStoreInformationStep
2020-08-21 10:57:12 +0000  Skipping step: IDEDistributionAppStoreInformationStep because it said so
2020-08-21 10:57:12 +0000  Processing step: IDEDistributionGenerateProcessedDistributionItems
2020-08-21 10:57:12 +0000  Processing step: IDEDistributionCreateManifestStep
2020-08-21 10:57:12 +0000  Skipping step: IDEDistributionCreateManifestStep because it said so
